   Compiling serde v1.0.219
   Compiling zeroize v1.8.1
   Compiling borsh-derive v1.5.7
   Compiling bytemuck v1.23.1
   Compiling darling_core v0.20.11
   Compiling thiserror v2.0.12
   Compiling tokio v1.45.1
   Compiling num_enum v0.7.4
   Compiling curve25519-dalek v4.1.3
   Compiling curve25519-dalek v3.2.0
   Compiling ark-ff v0.4.2
   Compiling ed25519-dalek v2.1.1
   Compiling borsh v1.5.7
   Compiling darling_macro v0.20.11
   Compiling darling v0.20.11
   Compiling bincode v1.3.3
   Compiling bitflags v2.9.1
   Compiling ed25519-dalek v1.0.1
   Compiling serde-big-array v0.5.1
   Compiling serde_bytes v0.11.17
   Compiling solana-signature v2.3.0
   Compiling solana-fee-calculator v2.2.1
   Compiling bv v0.11.1
   Compiling solana-short-vec v2.2.1
   Compiling libsecp256k1 v0.6.0
   Compiling ed25519-dalek-bip32 v0.2.0
   Compiling openssl v0.10.73
   Compiling solana-hard-forks v2.2.1
   Compiling solana-poh-config v2.2.1
   Compiling serde_with_macros v3.13.0
   Compiling solana-serde-varint v2.2.2
   Compiling solana-inflation v2.2.1
   Compiling serde_json v1.0.140
   Compiling solana-epoch-info v2.2.1
   Compiling solana-reward-info v2.2.1
   Compiling solana-commitment-config v2.2.1
   Compiling solana-hash v2.3.0
   Compiling solana-sha256-hasher v2.2.1
   Compiling solana-keccak-hasher v2.2.1
   Compiling solana-pubkey v2.4.0
   Compiling serde_with v3.13.0
   Compiling solana-shred-version v2.2.1
   Compiling solana-cluster-type v2.2.1
   Compiling solana-instruction v2.3.0
   Compiling solana-sdk-ids v2.2.1
   Compiling solana-sysvar-id v2.2.1
   Compiling solana-epoch-schedule v2.2.1
   Compiling solana-system-interface v1.0.0
   Compiling solana-transaction-error v2.2.1
   Compiling solana-program-error v2.2.2
   Compiling solana-clock v2.2.2
   Compiling solana-account-info v2.3.0
   Compiling solana-serialize-utils v2.2.1
   Compiling solana-slot-hashes v2.2.1
   Compiling solana-cpi v2.2.1
   Compiling solana-rent v2.2.1
   Compiling solana-stake-interface v1.2.1
   Compiling solana-instructions-sysvar v2.2.2
   Compiling solana-program-entrypoint v2.3.0
   Compiling solana-signer v2.2.1
   Compiling solana-slot-history v2.2.1
   Compiling solana-last-restart-slot v2.2.1
   Compiling solana-epoch-rewards v2.2.1
   Compiling solana-feature-set v2.2.5
   Compiling solana-bincode v2.2.1
   Compiling solana-keypair v2.2.3
   Compiling solana-message v2.4.0
   Compiling solana-nonce v2.2.1
   Compiling solana-sysvar v2.2.2
   Compiling solana-address-lookup-table-interface v2.2.2
   Compiling solana-account v2.2.1
   Compiling solana-secp256k1-program v2.2.3
   Compiling solana-secp256r1-program v2.2.4
   Compiling solana-ed25519-program v2.2.3
   Compiling solana-feature-gate-interface v2.2.2
   Compiling solana-genesis-config v2.3.0
   Compiling solana-precompiles v2.2.2
   Compiling solana-example-mocks v2.2.1
   Compiling solana-transaction v2.2.3
   Compiling solana-secp256k1-recover v2.2.1
   Compiling solana-vote-interface v2.2.5
   Compiling solana-packet v2.2.1
   Compiling solana-loader-v3-interface v5.0.0
   Compiling solana-loader-v4-interface v2.2.1
   Compiling solana-program-pack v2.2.1
   Compiling solana-stable-layout v2.2.1
   Compiling solana-loader-v2-interface v2.2.1
   Compiling hyper v1.6.0
   Compiling solana-blake3-hasher v2.2.1
   Compiling solana-borsh v2.2.1
   Compiling solana-offchain-message v2.2.1
   Compiling solana-client-traits v2.2.1
   Compiling solana-system-transaction v2.2.1
   Compiling solana-rent-collector v2.2.1
   Compiling solana-transaction-context v2.3.2
   Compiling solana-nonce-account v2.2.1
   Compiling solana-fee-structure v2.3.0
   Compiling solana-reserved-account-keys v2.2.2
   Compiling solana-quic-definitions v2.3.1
   Compiling solana-presigner v2.2.1
   Compiling solana-compute-budget-interface v2.2.2
   Compiling solana-rent-debits v2.2.1
   Compiling solana-epoch-rewards-hasher v2.2.1
   Compiling tower v0.5.2
   Compiling serde_urlencoded v0.7.1
   Compiling solana-serde v2.2.1
   Compiling serde_path_to_error v0.1.17
   Compiling hyper-util v0.1.14
   Compiling axum v0.8.4
   Compiling solana-program v2.3.0
   Compiling ark-poly v0.4.2
   Compiling ark-ec v0.4.2
   Compiling ark-bn254 v0.4.0
   Compiling solana-bn254 v2.2.2
   Compiling solana-sdk v2.3.1
   Compiling superdev-project v0.1.0 (/Users/dera/Documents/Solana/Superdev.fun/superdev-project)
    Finished `dev` profile [unoptimized + debuginfo] target(s) in 20.27s
     Running `target/debug/superdev-project`
🚀 Solana HTTP Server running at http://0.0.0.0:10000
